<?xml version="1.0" encoding="UTF-8"?>
<coverage generated="1702927532385" clover="3.2.0">
  <project timestamp="1702927532385" name="All files">
    <metrics statements="11" coveredstatements="9" conditionals="2" coveredconditionals="2" methods="9" coveredmethods="7" elements="22" coveredelements="18" complexity="0" loc="11" ncloc="11" packages="1" files="1" classes="1"/>
    <file name="FormValidator.js" path="C:\Users\acode\OneDrive\Desktop\IST-2023\IST_Projekat_2\Projekat_2_Klijent\Klijent\script\helper-functions\FormValidator.js">
      <metrics statements="11" coveredstatements="9" conditionals="2" coveredconditionals="2" methods="9" coveredmethods="7"/>
      <line num="3" count="0" type="stmt"/>
      <line num="6" count="3" type="stmt"/>
      <line num="9" count="2" type="stmt"/>
      <line num="12" count="2" type="stmt"/>
      <line num="15" count="8" type="stmt"/>
      <line num="18" count="6" type="stmt"/>
      <line num="21" count="2" type="stmt"/>
      <line num="22" count="2" type="stmt"/>
      <line num="23" count="2" type="stmt"/>
      <line num="26" count="3" type="cond" truecount="2" falsecount="0"/>
      <line num="29" count="0" type="stmt"/>
    </file>
  </project>
</coverage>
