{"C:\\Users\\acode\\OneDrive\\Desktop\\IST-2023\\IST_Projekat_2\\Projekat_2_Klijent\\Klijent\\script\\helper-functions\\FormValidator.js": {"path":"C:\\Users\\acode\\OneDrive\\Desktop\\IST-2023\\IST_Projekat_2\\Projekat_2_Klijent\\Klijent\\script\\helper-functions\\FormValidator.js","statementMap":{"0":{"start":{"line":3,"column":8},"end":{"line":3,"column":46}},"1":{"start":{"line":6,"column":8},"end":{"line":6,"column":45}},"2":{"start":{"line":9,"column":8},"end":{"line":9,"column":62}},"3":{"start":{"line":12,"column":8},"end":{"line":12,"column":48}},"4":{"start":{"line":15,"column":8},"end":{"line":15,"column":55}},"5":{"start":{"line":18,"column":8},"end":{"line":18,"column":45}},"6":{"start":{"line":21,"column":31},"end":{"line":21,"column":46}},"7":{"start":{"line":22,"column":31},"end":{"line":22,"column":46}},"8":{"start":{"line":23,"column":8},"end":{"line":23,"column":51}},"9":{"start":{"line":26,"column":8},"end":{"line":26,"column":73}},"10":{"start":{"line":29,"column":8},"end":{"line":29,"column":30}}},"fnMap":{"0":{"name":"(anonymous_0)","decl":{"start":{"line":2,"column":4},"end":{"line":2,"column":5}},"loc":{"start":{"line":2,"column":32},"end":{"line":4,"column":5}},"line":2},"1":{"name":"(anonymous_1)","decl":{"start":{"line":5,"column":4},"end":{"line":5,"column":5}},"loc":{"start":{"line":5,"column":30},"end":{"line":7,"column":5}},"line":5},"2":{"name":"(anonymous_2)","decl":{"start":{"line":8,"column":4},"end":{"line":8,"column":5}},"loc":{"start":{"line":8,"column":34},"end":{"line":10,"column":5}},"line":8},"3":{"name":"(anonymous_3)","decl":{"start":{"line":11,"column":4},"end":{"line":11,"column":5}},"loc":{"start":{"line":11,"column":40},"end":{"line":13,"column":5}},"line":11},"4":{"name":"(anonymous_4)","decl":{"start":{"line":14,"column":4},"end":{"line":14,"column":5}},"loc":{"start":{"line":14,"column":30},"end":{"line":16,"column":5}},"line":14},"5":{"name":"(anonymous_5)","decl":{"start":{"line":17,"column":4},"end":{"line":17,"column":5}},"loc":{"start":{"line":17,"column":34},"end":{"line":19,"column":5}},"line":17},"6":{"name":"(anonymous_6)","decl":{"start":{"line":20,"column":4},"end":{"line":20,"column":5}},"loc":{"start":{"line":20,"column":38},"end":{"line":24,"column":5}},"line":20},"7":{"name":"(anonymous_7)","decl":{"start":{"line":25,"column":4},"end":{"line":25,"column":5}},"loc":{"start":{"line":25,"column":38},"end":{"line":27,"column":5}},"line":25},"8":{"name":"(anonymous_8)","decl":{"start":{"line":28,"column":4},"end":{"line":28,"column":5}},"loc":{"start":{"line":28,"column":42},"end":{"line":30,"column":5}},"line":28}},"branchMap":{"0":{"loc":{"start":{"line":26,"column":15},"end":{"line":26,"column":72}},"type":"binary-expr","locations":[{"start":{"line":26,"column":15},"end":{"line":26,"column":49}},{"start":{"line":26,"column":53},"end":{"line":26,"column":72}}],"line":26}},"s":{"0":0,"1":3,"2":2,"3":2,"4":8,"5":6,"6":2,"7":2,"8":2,"9":3,"10":0},"f":{"0":0,"1":3,"2":2,"3":2,"4":8,"5":6,"6":2,"7":3,"8":0},"b":{"0":[3,2]},"_coverageSchema":"1a1c01bbd47fc00a2c39e90264f33305004495a9","hash":"74734b4292440697b67855087c7030c8b4b9e629"}
}
