TN:
SF:script\helper-functions\FormValidator.js
FN:2,(anonymous_0)
FN:5,(anonymous_1)
FN:8,(anonymous_2)
FN:11,(anonymous_3)
FN:14,(anonymous_4)
FN:17,(anonymous_5)
FN:20,(anonymous_6)
FN:25,(anonymous_7)
FN:28,(anonymous_8)
FNF:9
FNH:7
FNDA:0,(anonymous_0)
FNDA:3,(anonymous_1)
FNDA:2,(anonymous_2)
FNDA:2,(anonymous_3)
FNDA:8,(anonymous_4)
FNDA:6,(anonymous_5)
FNDA:2,(anonymous_6)
FNDA:3,(anonymous_7)
FNDA:0,(anonymous_8)
DA:3,0
DA:6,3
DA:9,2
DA:12,2
DA:15,8
DA:18,6
DA:21,2
DA:22,2
DA:23,2
DA:26,3
DA:29,0
LF:11
LH:9
BRDA:26,0,0,3
BRDA:26,0,1,2
BRF:2
BRH:2
end_of_record
